<?xml version="1.0" encoding="UTF-8"?>
<!-- Generated by org.testng.reporters.JUnitReportReporter -->
<testsuite hostname="DESKTOP-JSIVSR7" failures="0" tests="1" name="com.OrangeHRM.TestCases.TestLoginPage" time="5.787" errors="0" timestamp="2022-06-10T12:15:32 IST" skipped="0">
  <testcase classname="com.OrangeHRM.TestCases.TestLoginPage" name="testLogin" time="5.787"/>
  <system-out/>
</testsuite> <!-- com.OrangeHRM.TestCases.TestLoginPage -->
