<?xml version="1.0" encoding="UTF-8"?>
<!-- Generated by org.testng.reporters.JUnitReportReporter -->
<testsuite hostname="DESKTOP-JSIVSR7" failures="0" tests="1" name="SeleniumPractice.AllBrowserLaunch" time="11.012" errors="0" timestamp="2022-06-23T09:58:59 IST" skipped="0">
  <testcase classname="SeleniumPractice.AllBrowserLaunch" name="testLoginError" time="11.012"/>
  <system-out/>
</testsuite> <!-- SeleniumPractice.AllBrowserLaunch -->
